<?xml version="1.0" encoding="UTF-8"?>
<testng-results skipped="0" failed="0" total="1" passed="1">
  <reporter-output>
  </reporter-output>
  <suite name="Surefire suite" duration-ms="11212" started-at="2016-09-01T12:18:08Z" finished-at="2016-09-01T12:18:19Z">
    <groups>
    </groups>
    <test name="Surefire test" duration-ms="11212" started-at="2016-09-01T12:18:08Z" finished-at="2016-09-01T12:18:19Z">
      <class name="Example.NewTest">
        <test-method status="PASS" signature="m()[pri:0, instance:Example.NewTest@30c7da1e]" name="m" is-config="true" duration-ms="11193" started-at="2016-09-01T17:48:08Z" finished-at="2016-09-01T17:48:19Z">
          <reporter-output>
          </reporter-output>
        </test-method> <!-- m -->
        <test-method status="PASS" signature="f()[pri:0, instance:Example.NewTest@30c7da1e]" name="f" duration-ms="2" started-at="2016-09-01T17:48:19Z" finished-at="2016-09-01T17:48:19Z">
          <reporter-output>
          </reporter-output>
        </test-method> <!-- f -->
      </class> <!-- Example.NewTest -->
    </test> <!-- Surefire test -->
  </suite> <!-- Surefire suite -->
</testng-results>
